<?xml version="1.0" encoding="UTF-8"?>
<testsuite xmlns:xsi="http://www.w3.org/2001/XMLSchema-instance" xsi:noNamespaceSchemaLocation="https://maven.apache.org/surefire/maven-surefire-plugin/xsd/surefire-test-report.xsd" name="io.pratik.elasticsearch.productsearchapp.ProductSearchServiceWithRepoTest" time="0.528" tests="5" errors="0" skipped="0" failures="0">
  <properties>
    <property name="java.specification.version" value="14"/>
    <property name="sun.jnu.encoding" value="UTF-8"/>
    <property name="java.class.path" value="/Users/fab/Documents/pratik/code-examples/spring-boot/spring-boot-elasticsearch/target/test-classes:/Users/fab/Documents/pratik/code-examples/spring-boot/spring-boot-elasticsearch/target/classes:/Users/fab/.m2/repository/org/springframework/data/spring-data-elasticsearch/4.0.5.RELEASE/spring-data-elasticsearch-4.0.5.RELEASE.jar:/Users/fab/.m2/repository/org/springframework/spring-context/5.2.11.RELEASE/spring-context-5.2.11.RELEASE.jar:/Users/fab/.m2/repository/org/springframework/spring-aop/5.2.11.RELEASE/spring-aop-5.2.11.RELEASE.jar:/Users/fab/.m2/repository/org/springframework/spring-beans/5.2.11.RELEASE/spring-beans-5.2.11.RELEASE.jar:/Users/fab/.m2/repository/org/springframework/spring-expression/5.2.11.RELEASE/spring-expression-5.2.11.RELEASE.jar:/Users/fab/.m2/repository/org/springframework/spring-tx/5.2.11.RELEASE/spring-tx-5.2.11.RELEASE.jar:/Users/fab/.m2/repository/org/springframework/data/spring-data-commons/2.3.5.RELEASE/spring-data-commons-2.3.5.RELEASE.jar:/Users/fab/.m2/repository/org/elasticsearch/client/transport/7.6.2/transport-7.6.2.jar:/Users/fab/.m2/repository/org/elasticsearch/elasticsearch/7.6.2/elasticsearch-7.6.2.jar:/Users/fab/.m2/repository/org/elasticsearch/elasticsearch-core/7.6.2/elasticsearch-core-7.6.2.jar:/Users/fab/.m2/repository/org/elasticsearch/elasticsearch-secure-sm/7.6.2/elasticsearch-secure-sm-7.6.2.jar:/Users/fab/.m2/repository/org/elasticsearch/elasticsearch-x-content/7.6.2/elasticsearch-x-content-7.6.2.jar:/Users/fab/.m2/repository/com/fasterxml/jackson/dataformat/jackson-dataformat-smile/2.11.3/jackson-dataformat-smile-2.11.3.jar:/Users/fab/.m2/repository/com/fasterxml/jackson/dataformat/jackson-dataformat-yaml/2.11.3/jackson-dataformat-yaml-2.11.3.jar:/Users/fab/.m2/repository/com/fasterxml/jackson/dataformat/jackson-dataformat-cbor/2.11.3/jackson-dataformat-cbor-2.11.3.jar:/Users/fab/.m2/repository/org/elasticsearch/elasticsearch-geo/7.6.2/elasticsearch-geo-7.6.2.jar:/Users/fab/.m2/repository/org/apache/lucene/lucene-core/8.4.0/lucene-core-8.4.0.jar:/Users/fab/.m2/repository/org/apache/lucene/lucene-analyzers-common/8.4.0/lucene-analyzers-common-8.4.0.jar:/Users/fab/.m2/repository/org/apache/lucene/lucene-backward-codecs/8.4.0/lucene-backward-codecs-8.4.0.jar:/Users/fab/.m2/repository/org/apache/lucene/lucene-grouping/8.4.0/lucene-grouping-8.4.0.jar:/Users/fab/.m2/repository/org/apache/lucene/lucene-highlighter/8.4.0/lucene-highlighter-8.4.0.jar:/Users/fab/.m2/repository/org/apache/lucene/lucene-join/8.4.0/lucene-join-8.4.0.jar:/Users/fab/.m2/repository/org/apache/lucene/lucene-memory/8.4.0/lucene-memory-8.4.0.jar:/Users/fab/.m2/repository/org/apache/lucene/lucene-misc/8.4.0/lucene-misc-8.4.0.jar:/Users/fab/.m2/repository/org/apache/lucene/lucene-queries/8.4.0/lucene-queries-8.4.0.jar:/Users/fab/.m2/repository/org/apache/lucene/lucene-queryparser/8.4.0/lucene-queryparser-8.4.0.jar:/Users/fab/.m2/repository/org/apache/lucene/lucene-sandbox/8.4.0/lucene-sandbox-8.4.0.jar:/Users/fab/.m2/repository/org/apache/lucene/lucene-spatial/8.4.0/lucene-spatial-8.4.0.jar:/Users/fab/.m2/repository/org/apache/lucene/lucene-spatial-extras/8.4.0/lucene-spatial-extras-8.4.0.jar:/Users/fab/.m2/repository/org/apache/lucene/lucene-spatial3d/8.4.0/lucene-spatial3d-8.4.0.jar:/Users/fab/.m2/repository/org/apache/lucene/lucene-suggest/8.4.0/lucene-suggest-8.4.0.jar:/Users/fab/.m2/repository/org/elasticsearch/elasticsearch-cli/7.6.2/elasticsearch-cli-7.6.2.jar:/Users/fab/.m2/repository/net/sf/jopt-simple/jopt-simple/5.0.2/jopt-simple-5.0.2.jar:/Users/fab/.m2/repository/com/carrotsearch/hppc/0.8.1/hppc-0.8.1.jar:/Users/fab/.m2/repository/joda-time/joda-time/2.10.4/joda-time-2.10.4.jar:/Users/fab/.m2/repository/com/tdunning/t-digest/3.2/t-digest-3.2.jar:/Users/fab/.m2/repository/org/hdrhistogram/HdrHistogram/2.1.9/HdrHistogram-2.1.9.jar:/Users/fab/.m2/repository/org/apache/logging/log4j/log4j-api/2.13.3/log4j-api-2.13.3.jar:/Users/fab/.m2/repository/org/elasticsearch/jna/4.5.1/jna-4.5.1.jar:/Users/fab/.m2/repository/org/elasticsearch/plugin/reindex-client/7.6.2/reindex-client-7.6.2.jar:/Users/fab/.m2/repository/org/elasticsearch/elasticsearch-ssl-config/7.6.2/elasticsearch-ssl-config-7.6.2.jar:/Users/fab/.m2/repository/org/elasticsearch/plugin/lang-mustache-client/7.6.2/lang-mustache-client-7.6.2.jar:/Users/fab/.m2/repository/com/github/spullara/mustache/java/compiler/0.9.6/compiler-0.9.6.jar:/Users/fab/.m2/repository/org/elasticsearch/plugin/percolator-client/7.6.2/percolator-client-7.6.2.jar:/Users/fab/.m2/repository/org/elasticsearch/plugin/parent-join-client/7.6.2/parent-join-client-7.6.2.jar:/Users/fab/.m2/repository/org/elasticsearch/plugin/rank-eval-client/7.6.2/rank-eval-client-7.6.2.jar:/Users/fab/.m2/repository/org/elasticsearch/plugin/transport-netty4-client/7.6.2/transport-netty4-client-7.6.2.jar:/Users/fab/.m2/repository/io/netty/netty-buffer/4.1.54.Final/netty-buffer-4.1.54.Final.jar:/Users/fab/.m2/repository/io/netty/netty-codec/4.1.54.Final/netty-codec-4.1.54.Final.jar:/Users/fab/.m2/repository/io/netty/netty-codec-http/4.1.54.Final/netty-codec-http-4.1.54.Final.jar:/Users/fab/.m2/repository/io/netty/netty-common/4.1.54.Final/netty-common-4.1.54.Final.jar:/Users/fab/.m2/repository/io/netty/netty-handler/4.1.54.Final/netty-handler-4.1.54.Final.jar:/Users/fab/.m2/repository/io/netty/netty-resolver/4.1.54.Final/netty-resolver-4.1.54.Final.jar:/Users/fab/.m2/repository/io/netty/netty-transport/4.1.54.Final/netty-transport-4.1.54.Final.jar:/Users/fab/.m2/repository/org/elasticsearch/client/elasticsearch-rest-high-level-client/7.6.2/elasticsearch-rest-high-level-client-7.6.2.jar:/Users/fab/.m2/repository/org/elasticsearch/client/elasticsearch-rest-client/7.6.2/elasticsearch-rest-client-7.6.2.jar:/Users/fab/.m2/repository/org/apache/httpcomponents/httpclient/4.5.13/httpclient-4.5.13.jar:/Users/fab/.m2/repository/org/apache/httpcomponents/httpcore/4.4.13/httpcore-4.4.13.jar:/Users/fab/.m2/repository/org/apache/httpcomponents/httpasyncclient/4.1.4/httpasyncclient-4.1.4.jar:/Users/fab/.m2/repository/org/apache/httpcomponents/httpcore-nio/4.4.13/httpcore-nio-4.4.13.jar:/Users/fab/.m2/repository/commons-codec/commons-codec/1.14/commons-codec-1.14.jar:/Users/fab/.m2/repository/org/elasticsearch/plugin/mapper-extras-client/7.6.2/mapper-extras-client-7.6.2.jar:/Users/fab/.m2/repository/org/elasticsearch/plugin/aggs-matrix-stats-client/7.6.2/aggs-matrix-stats-client-7.6.2.jar:/Users/fab/.m2/repository/com/fasterxml/jackson/core/jackson-core/2.11.3/jackson-core-2.11.3.jar:/Users/fab/.m2/repository/com/fasterxml/jackson/core/jackson-databind/2.11.3/jackson-databind-2.11.3.jar:/Users/fab/.m2/repository/com/fasterxml/jackson/core/jackson-annotations/2.11.3/jackson-annotations-2.11.3.jar:/Users/fab/.m2/repository/org/slf4j/slf4j-api/1.7.30/slf4j-api-1.7.30.jar:/Users/fab/.m2/repository/org/springframework/boot/spring-boot-starter-thymeleaf/2.3.6.RELEASE/spring-boot-starter-thymeleaf-2.3.6.RELEASE.jar:/Users/fab/.m2/repository/org/springframework/boot/spring-boot-starter/2.3.6.RELEASE/spring-boot-starter-2.3.6.RELEASE.jar:/Users/fab/.m2/repository/org/springframework/boot/spring-boot/2.3.6.RELEASE/spring-boot-2.3.6.RELEASE.jar:/Users/fab/.m2/repository/org/springframework/boot/spring-boot-autoconfigure/2.3.6.RELEASE/spring-boot-autoconfigure-2.3.6.RELEASE.jar:/Users/fab/.m2/repository/org/springframework/boot/spring-boot-starter-logging/2.3.6.RELEASE/spring-boot-starter-logging-2.3.6.RELEASE.jar:/Users/fab/.m2/repository/ch/qos/logback/logback-classic/1.2.3/logback-classic-1.2.3.jar:/Users/fab/.m2/repository/ch/qos/logback/logback-core/1.2.3/logback-core-1.2.3.jar:/Users/fab/.m2/repository/org/apache/logging/log4j/log4j-to-slf4j/2.13.3/log4j-to-slf4j-2.13.3.jar:/Users/fab/.m2/repository/org/slf4j/jul-to-slf4j/1.7.30/jul-to-slf4j-1.7.30.jar:/Users/fab/.m2/repository/jakarta/annotation/jakarta.annotation-api/1.3.5/jakarta.annotation-api-1.3.5.jar:/Users/fab/.m2/repository/org/yaml/snakeyaml/1.26/snakeyaml-1.26.jar:/Users/fab/.m2/repository/org/thymeleaf/thymeleaf-spring5/3.0.11.RELEASE/thymeleaf-spring5-3.0.11.RELEASE.jar:/Users/fab/.m2/repository/org/thymeleaf/thymeleaf/3.0.11.RELEASE/thymeleaf-3.0.11.RELEASE.jar:/Users/fab/.m2/repository/org/attoparser/attoparser/2.0.5.RELEASE/attoparser-2.0.5.RELEASE.jar:/Users/fab/.m2/repository/org/unbescape/unbescape/1.1.6.RELEASE/unbescape-1.1.6.RELEASE.jar:/Users/fab/.m2/repository/org/thymeleaf/extras/thymeleaf-extras-java8time/3.0.4.RELEASE/thymeleaf-extras-java8time-3.0.4.RELEASE.jar:/Users/fab/.m2/repository/org/springframework/boot/spring-boot-starter-web/2.3.6.RELEASE/spring-boot-starter-web-2.3.6.RELEASE.jar:/Users/fab/.m2/repository/org/springframework/boot/spring-boot-starter-json/2.3.6.RELEASE/spring-boot-starter-json-2.3.6.RELEASE.jar:/Users/fab/.m2/repository/com/fasterxml/jackson/datatype/jackson-datatype-jdk8/2.11.3/jackson-datatype-jdk8-2.11.3.jar:/Users/fab/.m2/repository/com/fasterxml/jackson/datatype/jackson-datatype-jsr310/2.11.3/jackson-datatype-jsr310-2.11.3.jar:/Users/fab/.m2/repository/com/fasterxml/jackson/module/jackson-module-parameter-names/2.11.3/jackson-module-parameter-names-2.11.3.jar:/Users/fab/.m2/repository/org/springframework/boot/spring-boot-starter-tomcat/2.3.6.RELEASE/spring-boot-starter-tomcat-2.3.6.RELEASE.jar:/Users/fab/.m2/repository/org/apache/tomcat/embed/tomcat-embed-core/9.0.39/tomcat-embed-core-9.0.39.jar:/Users/fab/.m2/repository/org/glassfish/jakarta.el/3.0.3/jakarta.el-3.0.3.jar:/Users/fab/.m2/repository/org/apache/tomcat/embed/tomcat-embed-websocket/9.0.39/tomcat-embed-websocket-9.0.39.jar:/Users/fab/.m2/repository/org/springframework/spring-web/5.2.11.RELEASE/spring-web-5.2.11.RELEASE.jar:/Users/fab/.m2/repository/org/springframework/spring-webmvc/5.2.11.RELEASE/spring-webmvc-5.2.11.RELEASE.jar:/Users/fab/.m2/repository/org/projectlombok/lombok/1.18.16/lombok-1.18.16.jar:/Users/fab/.m2/repository/org/springframework/boot/spring-boot-starter-test/2.3.6.RELEASE/spring-boot-starter-test-2.3.6.RELEASE.jar:/Users/fab/.m2/repository/org/springframework/boot/spring-boot-test/2.3.6.RELEASE/spring-boot-test-2.3.6.RELEASE.jar:/Users/fab/.m2/repository/org/springframework/boot/spring-boot-test-autoconfigure/2.3.6.RELEASE/spring-boot-test-autoconfigure-2.3.6.RELEASE.jar:/Users/fab/.m2/repository/com/jayway/jsonpath/json-path/2.4.0/json-path-2.4.0.jar:/Users/fab/.m2/repository/net/minidev/json-smart/2.3/json-smart-2.3.jar:/Users/fab/.m2/repository/net/minidev/accessors-smart/1.2/accessors-smart-1.2.jar:/Users/fab/.m2/repository/org/ow2/asm/asm/5.0.4/asm-5.0.4.jar:/Users/fab/.m2/repository/jakarta/xml/bind/jakarta.xml.bind-api/2.3.3/jakarta.xml.bind-api-2.3.3.jar:/Users/fab/.m2/repository/jakarta/activation/jakarta.activation-api/1.2.2/jakarta.activation-api-1.2.2.jar:/Users/fab/.m2/repository/org/assertj/assertj-core/3.16.1/assertj-core-3.16.1.jar:/Users/fab/.m2/repository/org/hamcrest/hamcrest/2.2/hamcrest-2.2.jar:/Users/fab/.m2/repository/org/junit/jupiter/junit-jupiter/5.6.3/junit-jupiter-5.6.3.jar:/Users/fab/.m2/repository/org/junit/jupiter/junit-jupiter-api/5.6.3/junit-jupiter-api-5.6.3.jar:/Users/fab/.m2/repository/org/apiguardian/apiguardian-api/1.1.0/apiguardian-api-1.1.0.jar:/Users/fab/.m2/repository/org/opentest4j/opentest4j/1.2.0/opentest4j-1.2.0.jar:/Users/fab/.m2/repository/org/junit/platform/junit-platform-commons/1.6.3/junit-platform-commons-1.6.3.jar:/Users/fab/.m2/repository/org/junit/jupiter/junit-jupiter-params/5.6.3/junit-jupiter-params-5.6.3.jar:/Users/fab/.m2/repository/org/junit/jupiter/junit-jupiter-engine/5.6.3/junit-jupiter-engine-5.6.3.jar:/Users/fab/.m2/repository/org/junit/platform/junit-platform-engine/1.6.3/junit-platform-engine-1.6.3.jar:/Users/fab/.m2/repository/org/mockito/mockito-core/3.3.3/mockito-core-3.3.3.jar:/Users/fab/.m2/repository/net/bytebuddy/byte-buddy/1.10.18/byte-buddy-1.10.18.jar:/Users/fab/.m2/repository/net/bytebuddy/byte-buddy-agent/1.10.18/byte-buddy-agent-1.10.18.jar:/Users/fab/.m2/repository/org/objenesis/objenesis/2.6/objenesis-2.6.jar:/Users/fab/.m2/repository/org/mockito/mockito-junit-jupiter/3.3.3/mockito-junit-jupiter-3.3.3.jar:/Users/fab/.m2/repository/org/skyscreamer/jsonassert/1.5.0/jsonassert-1.5.0.jar:/Users/fab/.m2/repository/com/vaadin/external/google/android-json/0.0.20131108.vaadin1/android-json-0.0.20131108.vaadin1.jar:/Users/fab/.m2/repository/org/springframework/spring-core/5.2.11.RELEASE/spring-core-5.2.11.RELEASE.jar:/Users/fab/.m2/repository/org/springframework/spring-jcl/5.2.11.RELEASE/spring-jcl-5.2.11.RELEASE.jar:/Users/fab/.m2/repository/org/springframework/spring-test/5.2.11.RELEASE/spring-test-5.2.11.RELEASE.jar:/Users/fab/.m2/repository/org/xmlunit/xmlunit-core/2.7.0/xmlunit-core-2.7.0.jar:"/>
    <property name="java.vm.vendor" value="Oracle Corporation"/>
    <property name="sun.arch.data.model" value="64"/>
    <property name="java.vendor.url" value="https://java.oracle.com/"/>
    <property name="os.name" value="Mac OS X"/>
    <property name="java.vm.specification.version" value="14"/>
    <property name="sun.java.launcher" value="SUN_STANDARD"/>
    <property name="user.country" value="IN"/>
    <property name="sun.boot.library.path" value="/Applications/jdk-14.0.1.jdk/Contents/Home/lib"/>
    <property name="sun.java.command" value="/Users/fab/Documents/pratik/code-examples/spring-boot/spring-boot-elasticsearch/target/surefire/surefirebooter11480361377893311064.jar /Users/fab/Documents/pratik/code-examples/spring-boot/spring-boot-elasticsearch/target/surefire 2020-12-13T16-52-13_676-jvmRun1 surefire14980931516432131831tmp surefire_014792413268978147166tmp"/>
    <property name="http.nonProxyHosts" value="local|*.local|169.254/16|*.169.254/16"/>
    <property name="jdk.debug" value="release"/>
    <property name="surefire.test.class.path" value="/Users/fab/Documents/pratik/code-examples/spring-boot/spring-boot-elasticsearch/target/test-classes:/Users/fab/Documents/pratik/code-examples/spring-boot/spring-boot-elasticsearch/target/classes:/Users/fab/.m2/repository/org/springframework/data/spring-data-elasticsearch/4.0.5.RELEASE/spring-data-elasticsearch-4.0.5.RELEASE.jar:/Users/fab/.m2/repository/org/springframework/spring-context/5.2.11.RELEASE/spring-context-5.2.11.RELEASE.jar:/Users/fab/.m2/repository/org/springframework/spring-aop/5.2.11.RELEASE/spring-aop-5.2.11.RELEASE.jar:/Users/fab/.m2/repository/org/springframework/spring-beans/5.2.11.RELEASE/spring-beans-5.2.11.RELEASE.jar:/Users/fab/.m2/repository/org/springframework/spring-expression/5.2.11.RELEASE/spring-expression-5.2.11.RELEASE.jar:/Users/fab/.m2/repository/org/springframework/spring-tx/5.2.11.RELEASE/spring-tx-5.2.11.RELEASE.jar:/Users/fab/.m2/repository/org/springframework/data/spring-data-commons/2.3.5.RELEASE/spring-data-commons-2.3.5.RELEASE.jar:/Users/fab/.m2/repository/org/elasticsearch/client/transport/7.6.2/transport-7.6.2.jar:/Users/fab/.m2/repository/org/elasticsearch/elasticsearch/7.6.2/elasticsearch-7.6.2.jar:/Users/fab/.m2/repository/org/elasticsearch/elasticsearch-core/7.6.2/elasticsearch-core-7.6.2.jar:/Users/fab/.m2/repository/org/elasticsearch/elasticsearch-secure-sm/7.6.2/elasticsearch-secure-sm-7.6.2.jar:/Users/fab/.m2/repository/org/elasticsearch/elasticsearch-x-content/7.6.2/elasticsearch-x-content-7.6.2.jar:/Users/fab/.m2/repository/com/fasterxml/jackson/dataformat/jackson-dataformat-smile/2.11.3/jackson-dataformat-smile-2.11.3.jar:/Users/fab/.m2/repository/com/fasterxml/jackson/dataformat/jackson-dataformat-yaml/2.11.3/jackson-dataformat-yaml-2.11.3.jar:/Users/fab/.m2/repository/com/fasterxml/jackson/dataformat/jackson-dataformat-cbor/2.11.3/jackson-dataformat-cbor-2.11.3.jar:/Users/fab/.m2/repository/org/elasticsearch/elasticsearch-geo/7.6.2/elasticsearch-geo-7.6.2.jar:/Users/fab/.m2/repository/org/apache/lucene/lucene-core/8.4.0/lucene-core-8.4.0.jar:/Users/fab/.m2/repository/org/apache/lucene/lucene-analyzers-common/8.4.0/lucene-analyzers-common-8.4.0.jar:/Users/fab/.m2/repository/org/apache/lucene/lucene-backward-codecs/8.4.0/lucene-backward-codecs-8.4.0.jar:/Users/fab/.m2/repository/org/apache/lucene/lucene-grouping/8.4.0/lucene-grouping-8.4.0.jar:/Users/fab/.m2/repository/org/apache/lucene/lucene-highlighter/8.4.0/lucene-highlighter-8.4.0.jar:/Users/fab/.m2/repository/org/apache/lucene/lucene-join/8.4.0/lucene-join-8.4.0.jar:/Users/fab/.m2/repository/org/apache/lucene/lucene-memory/8.4.0/lucene-memory-8.4.0.jar:/Users/fab/.m2/repository/org/apache/lucene/lucene-misc/8.4.0/lucene-misc-8.4.0.jar:/Users/fab/.m2/repository/org/apache/lucene/lucene-queries/8.4.0/lucene-queries-8.4.0.jar:/Users/fab/.m2/repository/org/apache/lucene/lucene-queryparser/8.4.0/lucene-queryparser-8.4.0.jar:/Users/fab/.m2/repository/org/apache/lucene/lucene-sandbox/8.4.0/lucene-sandbox-8.4.0.jar:/Users/fab/.m2/repository/org/apache/lucene/lucene-spatial/8.4.0/lucene-spatial-8.4.0.jar:/Users/fab/.m2/repository/org/apache/lucene/lucene-spatial-extras/8.4.0/lucene-spatial-extras-8.4.0.jar:/Users/fab/.m2/repository/org/apache/lucene/lucene-spatial3d/8.4.0/lucene-spatial3d-8.4.0.jar:/Users/fab/.m2/repository/org/apache/lucene/lucene-suggest/8.4.0/lucene-suggest-8.4.0.jar:/Users/fab/.m2/repository/org/elasticsearch/elasticsearch-cli/7.6.2/elasticsearch-cli-7.6.2.jar:/Users/fab/.m2/repository/net/sf/jopt-simple/jopt-simple/5.0.2/jopt-simple-5.0.2.jar:/Users/fab/.m2/repository/com/carrotsearch/hppc/0.8.1/hppc-0.8.1.jar:/Users/fab/.m2/repository/joda-time/joda-time/2.10.4/joda-time-2.10.4.jar:/Users/fab/.m2/repository/com/tdunning/t-digest/3.2/t-digest-3.2.jar:/Users/fab/.m2/repository/org/hdrhistogram/HdrHistogram/2.1.9/HdrHistogram-2.1.9.jar:/Users/fab/.m2/repository/org/apache/logging/log4j/log4j-api/2.13.3/log4j-api-2.13.3.jar:/Users/fab/.m2/repository/org/elasticsearch/jna/4.5.1/jna-4.5.1.jar:/Users/fab/.m2/repository/org/elasticsearch/plugin/reindex-client/7.6.2/reindex-client-7.6.2.jar:/Users/fab/.m2/repository/org/elasticsearch/elasticsearch-ssl-config/7.6.2/elasticsearch-ssl-config-7.6.2.jar:/Users/fab/.m2/repository/org/elasticsearch/plugin/lang-mustache-client/7.6.2/lang-mustache-client-7.6.2.jar:/Users/fab/.m2/repository/com/github/spullara/mustache/java/compiler/0.9.6/compiler-0.9.6.jar:/Users/fab/.m2/repository/org/elasticsearch/plugin/percolator-client/7.6.2/percolator-client-7.6.2.jar:/Users/fab/.m2/repository/org/elasticsearch/plugin/parent-join-client/7.6.2/parent-join-client-7.6.2.jar:/Users/fab/.m2/repository/org/elasticsearch/plugin/rank-eval-client/7.6.2/rank-eval-client-7.6.2.jar:/Users/fab/.m2/repository/org/elasticsearch/plugin/transport-netty4-client/7.6.2/transport-netty4-client-7.6.2.jar:/Users/fab/.m2/repository/io/netty/netty-buffer/4.1.54.Final/netty-buffer-4.1.54.Final.jar:/Users/fab/.m2/repository/io/netty/netty-codec/4.1.54.Final/netty-codec-4.1.54.Final.jar:/Users/fab/.m2/repository/io/netty/netty-codec-http/4.1.54.Final/netty-codec-http-4.1.54.Final.jar:/Users/fab/.m2/repository/io/netty/netty-common/4.1.54.Final/netty-common-4.1.54.Final.jar:/Users/fab/.m2/repository/io/netty/netty-handler/4.1.54.Final/netty-handler-4.1.54.Final.jar:/Users/fab/.m2/repository/io/netty/netty-resolver/4.1.54.Final/netty-resolver-4.1.54.Final.jar:/Users/fab/.m2/repository/io/netty/netty-transport/4.1.54.Final/netty-transport-4.1.54.Final.jar:/Users/fab/.m2/repository/org/elasticsearch/client/elasticsearch-rest-high-level-client/7.6.2/elasticsearch-rest-high-level-client-7.6.2.jar:/Users/fab/.m2/repository/org/elasticsearch/client/elasticsearch-rest-client/7.6.2/elasticsearch-rest-client-7.6.2.jar:/Users/fab/.m2/repository/org/apache/httpcomponents/httpclient/4.5.13/httpclient-4.5.13.jar:/Users/fab/.m2/repository/org/apache/httpcomponents/httpcore/4.4.13/httpcore-4.4.13.jar:/Users/fab/.m2/repository/org/apache/httpcomponents/httpasyncclient/4.1.4/httpasyncclient-4.1.4.jar:/Users/fab/.m2/repository/org/apache/httpcomponents/httpcore-nio/4.4.13/httpcore-nio-4.4.13.jar:/Users/fab/.m2/repository/commons-codec/commons-codec/1.14/commons-codec-1.14.jar:/Users/fab/.m2/repository/org/elasticsearch/plugin/mapper-extras-client/7.6.2/mapper-extras-client-7.6.2.jar:/Users/fab/.m2/repository/org/elasticsearch/plugin/aggs-matrix-stats-client/7.6.2/aggs-matrix-stats-client-7.6.2.jar:/Users/fab/.m2/repository/com/fasterxml/jackson/core/jackson-core/2.11.3/jackson-core-2.11.3.jar:/Users/fab/.m2/repository/com/fasterxml/jackson/core/jackson-databind/2.11.3/jackson-databind-2.11.3.jar:/Users/fab/.m2/repository/com/fasterxml/jackson/core/jackson-annotations/2.11.3/jackson-annotations-2.11.3.jar:/Users/fab/.m2/repository/org/slf4j/slf4j-api/1.7.30/slf4j-api-1.7.30.jar:/Users/fab/.m2/repository/org/springframework/boot/spring-boot-starter-thymeleaf/2.3.6.RELEASE/spring-boot-starter-thymeleaf-2.3.6.RELEASE.jar:/Users/fab/.m2/repository/org/springframework/boot/spring-boot-starter/2.3.6.RELEASE/spring-boot-starter-2.3.6.RELEASE.jar:/Users/fab/.m2/repository/org/springframework/boot/spring-boot/2.3.6.RELEASE/spring-boot-2.3.6.RELEASE.jar:/Users/fab/.m2/repository/org/springframework/boot/spring-boot-autoconfigure/2.3.6.RELEASE/spring-boot-autoconfigure-2.3.6.RELEASE.jar:/Users/fab/.m2/repository/org/springframework/boot/spring-boot-starter-logging/2.3.6.RELEASE/spring-boot-starter-logging-2.3.6.RELEASE.jar:/Users/fab/.m2/repository/ch/qos/logback/logback-classic/1.2.3/logback-classic-1.2.3.jar:/Users/fab/.m2/repository/ch/qos/logback/logback-core/1.2.3/logback-core-1.2.3.jar:/Users/fab/.m2/repository/org/apache/logging/log4j/log4j-to-slf4j/2.13.3/log4j-to-slf4j-2.13.3.jar:/Users/fab/.m2/repository/org/slf4j/jul-to-slf4j/1.7.30/jul-to-slf4j-1.7.30.jar:/Users/fab/.m2/repository/jakarta/annotation/jakarta.annotation-api/1.3.5/jakarta.annotation-api-1.3.5.jar:/Users/fab/.m2/repository/org/yaml/snakeyaml/1.26/snakeyaml-1.26.jar:/Users/fab/.m2/repository/org/thymeleaf/thymeleaf-spring5/3.0.11.RELEASE/thymeleaf-spring5-3.0.11.RELEASE.jar:/Users/fab/.m2/repository/org/thymeleaf/thymeleaf/3.0.11.RELEASE/thymeleaf-3.0.11.RELEASE.jar:/Users/fab/.m2/repository/org/attoparser/attoparser/2.0.5.RELEASE/attoparser-2.0.5.RELEASE.jar:/Users/fab/.m2/repository/org/unbescape/unbescape/1.1.6.RELEASE/unbescape-1.1.6.RELEASE.jar:/Users/fab/.m2/repository/org/thymeleaf/extras/thymeleaf-extras-java8time/3.0.4.RELEASE/thymeleaf-extras-java8time-3.0.4.RELEASE.jar:/Users/fab/.m2/repository/org/springframework/boot/spring-boot-starter-web/2.3.6.RELEASE/spring-boot-starter-web-2.3.6.RELEASE.jar:/Users/fab/.m2/repository/org/springframework/boot/spring-boot-starter-json/2.3.6.RELEASE/spring-boot-starter-json-2.3.6.RELEASE.jar:/Users/fab/.m2/repository/com/fasterxml/jackson/datatype/jackson-datatype-jdk8/2.11.3/jackson-datatype-jdk8-2.11.3.jar:/Users/fab/.m2/repository/com/fasterxml/jackson/datatype/jackson-datatype-jsr310/2.11.3/jackson-datatype-jsr310-2.11.3.jar:/Users/fab/.m2/repository/com/fasterxml/jackson/module/jackson-module-parameter-names/2.11.3/jackson-module-parameter-names-2.11.3.jar:/Users/fab/.m2/repository/org/springframework/boot/spring-boot-starter-tomcat/2.3.6.RELEASE/spring-boot-starter-tomcat-2.3.6.RELEASE.jar:/Users/fab/.m2/repository/org/apache/tomcat/embed/tomcat-embed-core/9.0.39/tomcat-embed-core-9.0.39.jar:/Users/fab/.m2/repository/org/glassfish/jakarta.el/3.0.3/jakarta.el-3.0.3.jar:/Users/fab/.m2/repository/org/apache/tomcat/embed/tomcat-embed-websocket/9.0.39/tomcat-embed-websocket-9.0.39.jar:/Users/fab/.m2/repository/org/springframework/spring-web/5.2.11.RELEASE/spring-web-5.2.11.RELEASE.jar:/Users/fab/.m2/repository/org/springframework/spring-webmvc/5.2.11.RELEASE/spring-webmvc-5.2.11.RELEASE.jar:/Users/fab/.m2/repository/org/projectlombok/lombok/1.18.16/lombok-1.18.16.jar:/Users/fab/.m2/repository/org/springframework/boot/spring-boot-starter-test/2.3.6.RELEASE/spring-boot-starter-test-2.3.6.RELEASE.jar:/Users/fab/.m2/repository/org/springframework/boot/spring-boot-test/2.3.6.RELEASE/spring-boot-test-2.3.6.RELEASE.jar:/Users/fab/.m2/repository/org/springframework/boot/spring-boot-test-autoconfigure/2.3.6.RELEASE/spring-boot-test-autoconfigure-2.3.6.RELEASE.jar:/Users/fab/.m2/repository/com/jayway/jsonpath/json-path/2.4.0/json-path-2.4.0.jar:/Users/fab/.m2/repository/net/minidev/json-smart/2.3/json-smart-2.3.jar:/Users/fab/.m2/repository/net/minidev/accessors-smart/1.2/accessors-smart-1.2.jar:/Users/fab/.m2/repository/org/ow2/asm/asm/5.0.4/asm-5.0.4.jar:/Users/fab/.m2/repository/jakarta/xml/bind/jakarta.xml.bind-api/2.3.3/jakarta.xml.bind-api-2.3.3.jar:/Users/fab/.m2/repository/jakarta/activation/jakarta.activation-api/1.2.2/jakarta.activation-api-1.2.2.jar:/Users/fab/.m2/repository/org/assertj/assertj-core/3.16.1/assertj-core-3.16.1.jar:/Users/fab/.m2/repository/org/hamcrest/hamcrest/2.2/hamcrest-2.2.jar:/Users/fab/.m2/repository/org/junit/jupiter/junit-jupiter/5.6.3/junit-jupiter-5.6.3.jar:/Users/fab/.m2/repository/org/junit/jupiter/junit-jupiter-api/5.6.3/junit-jupiter-api-5.6.3.jar:/Users/fab/.m2/repository/org/apiguardian/apiguardian-api/1.1.0/apiguardian-api-1.1.0.jar:/Users/fab/.m2/repository/org/opentest4j/opentest4j/1.2.0/opentest4j-1.2.0.jar:/Users/fab/.m2/repository/org/junit/platform/junit-platform-commons/1.6.3/junit-platform-commons-1.6.3.jar:/Users/fab/.m2/repository/org/junit/jupiter/junit-jupiter-params/5.6.3/junit-jupiter-params-5.6.3.jar:/Users/fab/.m2/repository/org/junit/jupiter/junit-jupiter-engine/5.6.3/junit-jupiter-engine-5.6.3.jar:/Users/fab/.m2/repository/org/junit/platform/junit-platform-engine/1.6.3/junit-platform-engine-1.6.3.jar:/Users/fab/.m2/repository/org/mockito/mockito-core/3.3.3/mockito-core-3.3.3.jar:/Users/fab/.m2/repository/net/bytebuddy/byte-buddy/1.10.18/byte-buddy-1.10.18.jar:/Users/fab/.m2/repository/net/bytebuddy/byte-buddy-agent/1.10.18/byte-buddy-agent-1.10.18.jar:/Users/fab/.m2/repository/org/objenesis/objenesis/2.6/objenesis-2.6.jar:/Users/fab/.m2/repository/org/mockito/mockito-junit-jupiter/3.3.3/mockito-junit-jupiter-3.3.3.jar:/Users/fab/.m2/repository/org/skyscreamer/jsonassert/1.5.0/jsonassert-1.5.0.jar:/Users/fab/.m2/repository/com/vaadin/external/google/android-json/0.0.20131108.vaadin1/android-json-0.0.20131108.vaadin1.jar:/Users/fab/.m2/repository/org/springframework/spring-core/5.2.11.RELEASE/spring-core-5.2.11.RELEASE.jar:/Users/fab/.m2/repository/org/springframework/spring-jcl/5.2.11.RELEASE/spring-jcl-5.2.11.RELEASE.jar:/Users/fab/.m2/repository/org/springframework/spring-test/5.2.11.RELEASE/spring-test-5.2.11.RELEASE.jar:/Users/fab/.m2/repository/org/xmlunit/xmlunit-core/2.7.0/xmlunit-core-2.7.0.jar:"/>
    <property name="sun.cpu.endian" value="little"/>
    <property name="user.home" value="/Users/fab"/>
    <property name="user.language" value="en"/>
    <property name="java.specification.vendor" value="Oracle Corporation"/>
    <property name="java.version.date" value="2020-04-14"/>
    <property name="java.home" value="/Applications/jdk-14.0.1.jdk/Contents/Home"/>
    <property name="file.separator" value="/"/>
    <property name="basedir" value="/Users/fab/Documents/pratik/code-examples/spring-boot/spring-boot-elasticsearch"/>
    <property name="java.vm.compressedOopsMode" value="Zero based"/>
    <property name="line.separator" value="&#10;"/>
    <property name="java.specification.name" value="Java Platform API Specification"/>
    <property name="java.vm.specification.vendor" value="Oracle Corporation"/>
    <property name="surefire.real.class.path" value="/Users/fab/Documents/pratik/code-examples/spring-boot/spring-boot-elasticsearch/target/surefire/surefirebooter11480361377893311064.jar"/>
    <property name="sun.management.compiler" value="HotSpot 64-Bit Tiered Compilers"/>
    <property name="ftp.nonProxyHosts" value="local|*.local|169.254/16|*.169.254/16"/>
    <property name="java.runtime.version" value="14.0.1+7"/>
    <property name="user.name" value="fab"/>
    <property name="path.separator" value=":"/>
    <property name="os.version" value="10.14.4"/>
    <property name="java.runtime.name" value="OpenJDK Runtime Environment"/>
    <property name="file.encoding" value="UTF-8"/>
    <property name="java.vm.name" value="OpenJDK 64-Bit Server VM"/>
    <property name="localRepository" value="/Users/fab/.m2/repository"/>
    <property name="java.vendor.url.bug" value="https://bugreport.java.com/bugreport/"/>
    <property name="java.io.tmpdir" value="/var/folders/f_/k8d4j7_12070bwt1pw2p9_zc0000gn/T/"/>
    <property name="java.version" value="14.0.1"/>
    <property name="user.dir" value="/Users/fab/Documents/pratik/code-examples/spring-boot/spring-boot-elasticsearch"/>
    <property name="os.arch" value="x86_64"/>
    <property name="java.vm.specification.name" value="Java Virtual Machine Specification"/>
    <property name="java.library.path" value="/Users/fab/Library/Java/Extensions:/Library/Java/Extensions:/Network/Library/Java/Extensions:/System/Library/Java/Extensions:/usr/lib/java:."/>
    <property name="java.vm.info" value="mixed mode, sharing"/>
    <property name="java.vendor" value="Oracle Corporation"/>
    <property name="java.vm.version" value="14.0.1+7"/>
    <property name="sun.io.unicode.encoding" value="UnicodeBig"/>
    <property name="socksNonProxyHosts" value="local|*.local|169.254/16|*.169.254/16"/>
    <property name="java.class.version" value="58.0"/>
  </properties>
  <testcase name="testCreateProductIndexBulk" classname="io.pratik.elasticsearch.productsearchapp.ProductSearchServiceWithRepoTest" time="0.14"/>
  <testcase name="testFetchProductByName" classname="io.pratik.elasticsearch.productsearchapp.ProductSearchServiceWithRepoTest" time="0.163"/>
  <testcase name="testFetchProductByManufacturerAndCategory" classname="io.pratik.elasticsearch.productsearchapp.ProductSearchServiceWithRepoTest" time="0.039"/>
  <testcase name="testCreateProductIndex" classname="io.pratik.elasticsearch.productsearchapp.ProductSearchServiceWithRepoTest" time="0.134"/>
  <testcase name="testFetchProductByManufacturer" classname="io.pratik.elasticsearch.productsearchapp.ProductSearchServiceWithRepoTest" time="0.043"/>
</testsuite>